<?xml version="1.0" encoding="UTF-8"?>
<!-- Generated by org.testng.reporters.JUnitXMLReporter -->
<testsuite ignored="2" hostname="Advait" failures="0" tests="2" name="Test" time="38.909" errors="0" timestamp="2024-09-02T08:17:17 IST">
  <testcase classname="testcases.VerifyRegistration" name="registration" time="6.452"/>
  <testcase classname="testcases.VerifyLogin" name="logintestcase" time="3.035"/>
  <testcase classname="testcases.VerifyLogin" name="loginnegativetestcase" time="0.0">
    <ignored/>
  </testcase> <!-- loginnegativetestcase -->
  <testcase classname="testcases.VerifyRegistration" name="negativeTestcase" time="0.0">
    <ignored/>
  </testcase> <!-- negativeTestcase -->
</testsuite> <!-- Test -->
