<?xml version="1.0" encoding="UTF-8"?>
<testng-results ignored="2" total="4" passed="2" failed="0" skipped="0">
  <reporter-output>
  </reporter-output>
  <suite started-at="2024-09-02T08:16:38 IST" name="Suite" finished-at="2024-09-02T08:17:17 IST" duration-ms="38909">
    <groups>
    </groups>
    <test started-at="2024-09-02T08:16:38 IST" name="Test" finished-at="2024-09-02T08:17:17 IST" duration-ms="38909">
      <class name="testcases.VerifyRegistration">
        <test-method is-config="true" signature="launchBrowserAndOpenURl()[pri:0, instance:testcases.VerifyRegistration@58695725]" started-at="2024-09-02T08:16:38 IST" name="launchBrowserAndOpenURl" finished-at="2024-09-02T08:16:48 IST" duration-ms="9436" status="PASS">
          <reporter-output>
          </reporter-output>
        </test-method> <!-- launchBrowserAndOpenURl -->
        <test-method signature="registration()[pri:0, instance:testcases.VerifyRegistration@58695725]" started-at="2024-09-02T08:16:48 IST" name="registration" finished-at="2024-09-02T08:16:54 IST" duration-ms="6452" status="PASS">
          <reporter-output>
          </reporter-output>
        </test-method> <!-- registration -->
        <test-method is-config="true" signature="closeBrowser()[pri:0, instance:testcases.VerifyRegistration@58695725]" started-at="2024-09-02T08:16:54 IST" name="closeBrowser" finished-at="2024-09-02T08:16:54 IST" duration-ms="0" status="PASS">
          <reporter-output>
          </reporter-output>
        </test-method> <!-- closeBrowser -->
      </class> <!-- testcases.VerifyRegistration -->
      <class name="testcases.VerifyLogin">
        <test-method is-config="true" signature="launchBrowserAndOpenURl()[pri:0, instance:testcases.VerifyLogin@201a4587]" started-at="2024-09-02T08:16:54 IST" name="launchBrowserAndOpenURl" finished-at="2024-09-02T08:17:14 IST" duration-ms="19947" status="PASS">
          <reporter-output>
          </reporter-output>
        </test-method> <!-- launchBrowserAndOpenURl -->
        <test-method signature="logintestcase()[pri:0, instance:testcases.VerifyLogin@201a4587]" started-at="2024-09-02T08:17:14 IST" name="logintestcase" finished-at="2024-09-02T08:17:17 IST" duration-ms="3035" status="PASS">
          <reporter-output>
          </reporter-output>
        </test-method> <!-- logintestcase -->
        <test-method is-config="true" signature="closeBrowser()[pri:0, instance:testcases.VerifyLogin@201a4587]" started-at="2024-09-02T08:17:17 IST" name="closeBrowser" finished-at="2024-09-02T08:17:17 IST" duration-ms="0" status="PASS">
          <reporter-output>
          </reporter-output>
        </test-method> <!-- closeBrowser -->
      </class> <!-- testcases.VerifyLogin -->
    </test> <!-- Test -->
  </suite> <!-- Suite -->
</testng-results>
